2022-12-14 21:15:06,607 INFO  [Log] ************** 
2022-12-14 21:15:06,608 INFO  [Log] ************** 
2022-12-14 21:15:06,610 INFO  [Log] ****####******My first test case is Login test ________ 
2022-12-14 21:15:06,610 INFO  [Log] ************** 
2022-12-14 21:15:06,610 INFO  [Log] ************** 
2022-12-14 21:15:06,610 INFO  [Log] my login test is going on 
2022-12-14 21:15:06,610 INFO  [Log] My test is might be failed 
2022-12-14 21:15:14,165 INFO  [Log] My test case about to complete 
2022-12-14 21:15:14,165 INFO  [Log] ************** 
2022-12-14 21:15:14,166 INFO  [Log] ************** 
2022-12-14 21:15:14,166 INFO  [Log] ****####******This is my login test again ________ 
2022-12-14 21:15:14,166 INFO  [Log] ############## 
2022-12-14 21:15:14,166 INFO  [Log] ############## 
2022-12-14 21:15:36,982 INFO  [Log] ************** 
2022-12-14 21:15:36,983 INFO  [Log] ************** 
2022-12-14 21:15:36,985 INFO  [Log] ****####******My first test case is Login test ________ 
2022-12-14 21:15:36,985 INFO  [Log] ************** 
2022-12-14 21:15:36,985 INFO  [Log] ************** 
2022-12-14 21:15:36,985 INFO  [Log] my login test is going on 
2022-12-14 21:15:36,985 INFO  [Log] My test is might be failed 
2022-12-14 21:15:39,081 INFO  [Log] My test case about to complete 
2022-12-14 21:15:39,081 INFO  [Log] ************** 
2022-12-14 21:15:39,081 INFO  [Log] ************** 
2022-12-14 21:15:39,082 INFO  [Log] ****####******This is my login test again ________ 
2022-12-14 21:15:39,082 INFO  [Log] ############## 
2022-12-14 21:15:39,082 INFO  [Log] ############## 
2022-12-14 21:42:20,275 INFO  [Log] ************** 
2022-12-14 21:42:20,276 INFO  [Log] ************** 
2022-12-14 21:42:20,278 INFO  [Log] ****####******My first test case is Login test ________ 
2022-12-14 21:42:20,278 INFO  [Log] ************** 
2022-12-14 21:42:20,278 INFO  [Log] ************** 
2022-12-14 21:42:20,278 INFO  [Log] my login test is going on 
2022-12-14 21:42:20,278 INFO  [Log] My test is might be failed 
2022-12-14 21:42:21,238 INFO  [Log] ************** 
2022-12-14 21:42:21,238 INFO  [Log] ************** 
2022-12-14 21:42:21,241 INFO  [Log] ****####******My first test case is Login test ________ 
2022-12-14 21:42:21,241 INFO  [Log] ************** 
2022-12-14 21:42:21,241 INFO  [Log] ************** 
2022-12-14 21:42:21,241 INFO  [Log] my login test is going on 
2022-12-14 21:42:21,241 INFO  [Log] My test is might be failed 
2022-12-14 21:42:23,411 INFO  [Log] My test case about to complete 
2022-12-14 21:42:23,411 INFO  [Log] ************** 
2022-12-14 21:42:23,411 INFO  [Log] ************** 
2022-12-14 21:42:23,411 INFO  [Log] ****####******This is my login test again ________ 
2022-12-14 21:42:23,411 INFO  [Log] ############## 
2022-12-14 21:42:23,412 INFO  [Log] ############## 
2022-12-14 21:42:24,016 INFO  [Log] My test case about to complete 
2022-12-14 21:42:24,016 INFO  [Log] ************** 
2022-12-14 21:42:24,016 INFO  [Log] ************** 
2022-12-14 21:42:24,016 INFO  [Log] ****####******This is my login test again ________ 
2022-12-14 21:42:24,017 INFO  [Log] ############## 
2022-12-14 21:42:24,017 INFO  [Log] ############## 
2022-12-14 21:47:25,994 INFO  [Log] ************** 
2022-12-14 21:47:25,995 INFO  [Log] ************** 
2022-12-14 21:47:25,996 INFO  [Log] ****####******My first test case is Login test ________ 
2022-12-14 21:47:25,996 INFO  [Log] ************** 
2022-12-14 21:47:25,996 INFO  [Log] ************** 
2022-12-14 21:47:25,996 INFO  [Log] my login test is going on 
2022-12-14 21:47:25,996 INFO  [Log] My test is might be failed 
2022-12-14 21:47:28,619 INFO  [Log] My test case about to complete 
2022-12-14 21:47:28,620 INFO  [Log] ************** 
2022-12-14 21:47:28,620 INFO  [Log] ************** 
2022-12-14 21:47:28,620 INFO  [Log] ****####******This is my login test again ________ 
2022-12-14 21:47:28,620 INFO  [Log] ############## 
2022-12-14 21:47:28,620 INFO  [Log] ############## 
2022-12-14 21:57:43,060 INFO  [Log] ************** 
2022-12-14 21:57:43,061 INFO  [Log] ************** 
2022-12-14 21:57:43,064 INFO  [Log] ****####******My first test case is Login test ________ 
2022-12-14 21:57:43,064 INFO  [Log] ************** 
2022-12-14 21:57:43,064 INFO  [Log] ************** 
2022-12-14 21:57:43,064 INFO  [Log] my login test is going on 
2022-12-14 21:57:43,064 INFO  [Log] My test is might be failed 
2022-12-14 21:57:45,903 INFO  [Log] My test case about to complete 
2022-12-14 21:57:45,903 INFO  [Log] ************** 
2022-12-14 21:57:45,903 INFO  [Log] ************** 
2022-12-14 21:57:45,903 INFO  [Log] ****####******This is my login test again ________ 
2022-12-14 21:57:45,903 INFO  [Log] ############## 
2022-12-14 21:57:45,903 INFO  [Log] ############## 
2022-12-14 22:15:54,354 INFO  [Log] ************** 
2022-12-14 22:15:54,356 INFO  [Log] ************** 
2022-12-14 22:15:54,356 INFO  [Log] ****####******My first test case is Login test ________ 
2022-12-14 22:15:54,356 INFO  [Log] ************** 
2022-12-14 22:15:54,356 INFO  [Log] ************** 
2022-12-14 22:15:54,356 INFO  [Log] my login test is going on 
2022-12-14 22:15:54,356 INFO  [Log] My test is might be failed 
2022-12-14 22:15:56,864 INFO  [Log] My test case about to complete 
2022-12-14 22:15:56,864 INFO  [Log] ************** 
2022-12-14 22:15:56,864 INFO  [Log] ************** 
2022-12-14 22:15:56,864 INFO  [Log] ****####******This is my login test again ________ 
2022-12-14 22:15:56,864 INFO  [Log] ############## 
2022-12-14 22:15:56,864 INFO  [Log] ############## 
2022-12-14 22:17:51,251 INFO  [Log] ************** 
2022-12-14 22:17:51,253 INFO  [Log] ************** 
2022-12-14 22:17:51,253 INFO  [Log] ****####******My first test case is Login test ________ 
2022-12-14 22:17:51,253 INFO  [Log] ************** 
2022-12-14 22:17:51,253 INFO  [Log] ************** 
2022-12-14 22:17:51,253 INFO  [Log] my login test is going on 
2022-12-14 22:17:51,253 INFO  [Log] My test is might be failed 
2022-12-14 22:17:53,606 INFO  [Log] My test case about to complete 
2022-12-14 22:17:53,606 INFO  [Log] ************** 
2022-12-14 22:17:53,606 INFO  [Log] ************** 
2022-12-14 22:17:53,606 INFO  [Log] ****####******This is my login test again ________ 
2022-12-14 22:17:53,606 INFO  [Log] ############## 
2022-12-14 22:17:53,606 INFO  [Log] ############## 
2022-12-15 16:10:20,241 INFO  [Log] ************** 
2022-12-15 16:10:20,242 INFO  [Log] ************** 
2022-12-15 16:10:20,243 INFO  [Log] ****####******My first test case is Login test ________ 
2022-12-15 16:10:20,243 INFO  [Log] ************** 
2022-12-15 16:10:20,243 INFO  [Log] ************** 
2022-12-15 16:10:20,243 INFO  [Log] my login test is going on 
2022-12-15 16:10:20,243 INFO  [Log] My test is might be failed 
2022-12-15 16:10:21,028 INFO  [Log] My test case about to complete 
2022-12-15 16:10:21,028 INFO  [Log] ************** 
2022-12-15 16:10:21,028 INFO  [Log] ************** 
2022-12-15 16:10:21,028 INFO  [Log] ****####******This is my login test again ________ 
2022-12-15 16:10:21,028 INFO  [Log] ############## 
2022-12-15 16:10:21,028 INFO  [Log] ############## 
2022-12-15 16:13:15,166 INFO  [Log] ************** 
2022-12-15 16:13:15,168 INFO  [Log] ************** 
2022-12-15 16:13:15,168 INFO  [Log] ****####******My first test case is Login test ________ 
2022-12-15 16:13:15,168 INFO  [Log] ************** 
2022-12-15 16:13:15,168 INFO  [Log] ************** 
2022-12-15 16:13:15,169 INFO  [Log] my login test is going on 
2022-12-15 16:13:15,169 INFO  [Log] My test is might be failed 
2022-12-15 16:13:15,817 INFO  [Log] My test case about to complete 
2022-12-15 16:13:15,818 INFO  [Log] ************** 
2022-12-15 16:13:15,818 INFO  [Log] ************** 
2022-12-15 16:13:15,818 INFO  [Log] ****####******This is my login test again ________ 
2022-12-15 16:13:15,818 INFO  [Log] ############## 
2022-12-15 16:13:15,818 INFO  [Log] ############## 
2022-12-15 16:14:21,633 INFO  [Log] ************** 
2022-12-15 16:14:21,633 INFO  [Log] ************** 
2022-12-15 16:14:21,633 INFO  [Log] ****####******My first test case is Login test ________ 
2022-12-15 16:14:21,633 INFO  [Log] ************** 
2022-12-15 16:14:21,645 INFO  [Log] ************** 
2022-12-15 16:14:21,645 INFO  [Log] my login test is going on 
2022-12-15 16:14:21,645 INFO  [Log] My test is might be failed 
2022-12-15 16:14:23,879 INFO  [Log] My test case about to complete 
2022-12-15 16:14:23,880 INFO  [Log] ************** 
2022-12-15 16:14:23,880 INFO  [Log] ************** 
2022-12-15 16:14:23,880 INFO  [Log] ****####******This is my login test again ________ 
2022-12-15 16:14:23,880 INFO  [Log] ############## 
2022-12-15 16:14:23,880 INFO  [Log] ############## 
2022-12-15 16:17:51,290 INFO  [Log] ************** 
2022-12-15 16:17:51,291 INFO  [Log] ************** 
2022-12-15 16:17:51,291 INFO  [Log] ****####******My first test case is Login test ________ 
2022-12-15 16:17:51,291 INFO  [Log] ************** 
2022-12-15 16:17:51,292 INFO  [Log] ************** 
2022-12-15 16:17:51,292 INFO  [Log] my login test is going on 
2022-12-15 16:17:51,292 INFO  [Log] My test is might be failed 
2022-12-15 16:17:51,946 INFO  [Log] My test case about to complete 
2022-12-15 16:17:51,946 INFO  [Log] ************** 
2022-12-15 16:17:51,946 INFO  [Log] ************** 
2022-12-15 16:17:51,946 INFO  [Log] ****####******This is my login test again ________ 
2022-12-15 16:17:51,946 INFO  [Log] ############## 
2022-12-15 16:17:51,946 INFO  [Log] ############## 
2022-12-15 16:17:55,333 INFO  [Log] ************** 
2022-12-15 16:17:55,333 INFO  [Log] ************** 
2022-12-15 16:17:55,333 INFO  [Log] ****####******My first test case is Login test ________ 
2022-12-15 16:17:55,333 INFO  [Log] ************** 
2022-12-15 16:17:55,333 INFO  [Log] ************** 
2022-12-15 16:17:55,333 INFO  [Log] my login test is going on 
2022-12-15 16:17:55,333 INFO  [Log] My test is might be failed 
2022-12-15 16:17:56,541 INFO  [Log] My test case about to complete 
2022-12-15 16:17:56,541 INFO  [Log] ************** 
2022-12-15 16:17:56,541 INFO  [Log] ************** 
2022-12-15 16:17:56,541 INFO  [Log] ****####******This is my login test again ________ 
2022-12-15 16:17:56,541 INFO  [Log] ############## 
2022-12-15 16:17:56,541 INFO  [Log] ############## 
2022-12-15 16:18:00,185 INFO  [Log] ************** 
2022-12-15 16:18:00,185 INFO  [Log] ************** 
2022-12-15 16:18:00,185 INFO  [Log] ****####******My first test case is Login test ________ 
2022-12-15 16:18:00,185 INFO  [Log] ************** 
2022-12-15 16:18:00,185 INFO  [Log] ************** 
2022-12-15 16:18:00,185 INFO  [Log] my login test is going on 
2022-12-15 16:18:00,185 INFO  [Log] My test is might be failed 
2022-12-15 16:18:01,025 INFO  [Log] My test case about to complete 
2022-12-15 16:18:01,025 INFO  [Log] ************** 
2022-12-15 16:18:01,025 INFO  [Log] ************** 
2022-12-15 16:18:01,025 INFO  [Log] ****####******This is my login test again ________ 
2022-12-15 16:18:01,026 INFO  [Log] ############## 
2022-12-15 16:18:01,026 INFO  [Log] ############## 
2022-12-15 16:20:33,453 INFO  [Log] ************** 
2022-12-15 16:20:33,455 INFO  [Log] ************** 
2022-12-15 16:20:33,455 INFO  [Log] ****####******My first test case is Login test ________ 
2022-12-15 16:20:33,455 INFO  [Log] ************** 
2022-12-15 16:20:33,455 INFO  [Log] ************** 
2022-12-15 16:20:33,455 INFO  [Log] my login test is going on 
2022-12-15 16:20:33,455 INFO  [Log] My test is might be failed 
2022-12-15 16:20:34,101 INFO  [Log] My test case about to complete 
2022-12-15 16:20:34,102 INFO  [Log] ************** 
2022-12-15 16:20:34,102 INFO  [Log] ************** 
2022-12-15 16:20:34,102 INFO  [Log] ****####******This is my login test again ________ 
2022-12-15 16:20:34,102 INFO  [Log] ############## 
2022-12-15 16:20:34,102 INFO  [Log] ############## 
2022-12-15 16:20:37,279 INFO  [Log] ************** 
2022-12-15 16:20:37,279 INFO  [Log] ************** 
2022-12-15 16:20:37,279 INFO  [Log] ****####******My first test case is Login test ________ 
2022-12-15 16:20:37,279 INFO  [Log] ************** 
2022-12-15 16:20:37,279 INFO  [Log] ************** 
2022-12-15 16:20:37,279 INFO  [Log] my login test is going on 
2022-12-15 16:20:37,279 INFO  [Log] My test is might be failed 
2022-12-15 16:20:37,927 INFO  [Log] My test case about to complete 
2022-12-15 16:20:37,927 INFO  [Log] ************** 
2022-12-15 16:20:37,927 INFO  [Log] ************** 
2022-12-15 16:20:37,927 INFO  [Log] ****####******This is my login test again ________ 
2022-12-15 16:20:37,928 INFO  [Log] ############## 
2022-12-15 16:20:37,928 INFO  [Log] ############## 
2022-12-15 16:20:40,969 INFO  [Log] ************** 
2022-12-15 16:20:40,969 INFO  [Log] ************** 
2022-12-15 16:20:40,969 INFO  [Log] ****####******My first test case is Login test ________ 
2022-12-15 16:20:40,969 INFO  [Log] ************** 
2022-12-15 16:20:40,969 INFO  [Log] ************** 
2022-12-15 16:20:40,969 INFO  [Log] my login test is going on 
2022-12-15 16:20:40,969 INFO  [Log] My test is might be failed 
2022-12-15 16:20:41,716 INFO  [Log] My test case about to complete 
2022-12-15 16:20:41,717 INFO  [Log] ************** 
2022-12-15 16:20:41,717 INFO  [Log] ************** 
2022-12-15 16:20:41,717 INFO  [Log] ****####******This is my login test again ________ 
2022-12-15 16:20:41,717 INFO  [Log] ############## 
2022-12-15 16:20:41,717 INFO  [Log] ############## 
2022-12-26 12:31:01,001 INFO  [Log] ************** 
2022-12-26 12:31:01,002 INFO  [Log] ************** 
2022-12-26 12:31:01,002 INFO  [Log] ****####******My first test case is Login test ________ 
2022-12-26 12:31:01,003 INFO  [Log] ************** 
2022-12-26 12:31:01,003 INFO  [Log] ************** 
2022-12-26 12:31:01,003 INFO  [Log] my login test is going on 
2022-12-26 12:31:01,003 INFO  [Log] My test is might be failed 
2022-12-26 12:31:01,972 INFO  [Log] My test case about to complete 
2022-12-26 12:31:01,972 INFO  [Log] ************** 
2022-12-26 12:31:01,973 INFO  [Log] ************** 
2022-12-26 12:31:01,973 INFO  [Log] ****####******This is my login test again ________ 
2022-12-26 12:31:01,973 INFO  [Log] ############## 
2022-12-26 12:31:01,973 INFO  [Log] ############## 
2022-12-26 12:32:09,514 INFO  [Log] ************** 
2022-12-26 12:32:09,516 INFO  [Log] ************** 
2022-12-26 12:32:09,516 INFO  [Log] ****####******My first test case is Login test ________ 
2022-12-26 12:32:09,516 INFO  [Log] ************** 
2022-12-26 12:32:09,516 INFO  [Log] ************** 
2022-12-26 12:32:09,516 INFO  [Log] my login test is going on 
2022-12-26 12:32:09,516 INFO  [Log] My test is might be failed 
2022-12-26 12:32:10,271 INFO  [Log] My test case about to complete 
2022-12-26 12:32:10,272 INFO  [Log] ************** 
2022-12-26 12:32:10,272 INFO  [Log] ************** 
2022-12-26 12:32:10,272 INFO  [Log] ****####******This is my login test again ________ 
2022-12-26 12:32:10,272 INFO  [Log] ############## 
2022-12-26 12:32:10,272 INFO  [Log] ############## 
2022-12-26 12:33:29,009 INFO  [Log] ************** 
2022-12-26 12:33:29,010 INFO  [Log] ************** 
2022-12-26 12:33:29,010 INFO  [Log] ****####******My first test case is Login test ________ 
2022-12-26 12:33:29,010 INFO  [Log] ************** 
2022-12-26 12:33:29,011 INFO  [Log] ************** 
2022-12-26 12:33:29,011 INFO  [Log] my login test is going on 
2022-12-26 12:33:29,011 INFO  [Log] My test is might be failed 
2022-12-26 12:33:29,717 INFO  [Log] My test case about to complete 
2022-12-26 12:33:29,717 INFO  [Log] ************** 
2022-12-26 12:33:29,717 INFO  [Log] ************** 
2022-12-26 12:33:29,717 INFO  [Log] ****####******This is my login test again ________ 
2022-12-26 12:33:29,717 INFO  [Log] ############## 
2022-12-26 12:33:29,717 INFO  [Log] ############## 
2022-12-26 12:39:47,740 INFO  [Log] ************** 
2022-12-26 12:39:47,741 INFO  [Log] ************** 
2022-12-26 12:39:47,741 INFO  [Log] ****####******My first test case is Login test ________ 
2022-12-26 12:39:47,741 INFO  [Log] ************** 
2022-12-26 12:39:47,741 INFO  [Log] ************** 
2022-12-26 12:39:47,741 INFO  [Log] my login test is going on 
2022-12-26 12:39:47,741 INFO  [Log] My test is might be failed 
2022-12-26 12:39:48,443 INFO  [Log] My test case about to complete 
2022-12-26 12:39:48,444 INFO  [Log] ************** 
2022-12-26 12:39:48,444 INFO  [Log] ************** 
2022-12-26 12:39:48,444 INFO  [Log] ****####******This is my login test again ________ 
2022-12-26 12:39:48,444 INFO  [Log] ############## 
2022-12-26 12:39:48,444 INFO  [Log] ############## 
2022-12-26 12:40:56,524 INFO  [Log] ************** 
2022-12-26 12:40:56,525 INFO  [Log] ************** 
2022-12-26 12:40:56,525 INFO  [Log] ****####******My first test case is Login test ________ 
2022-12-26 12:40:56,525 INFO  [Log] ************** 
2022-12-26 12:40:56,525 INFO  [Log] ************** 
2022-12-26 12:40:56,525 INFO  [Log] my login test is going on 
2022-12-26 12:40:56,525 INFO  [Log] My test is might be failed 
2022-12-26 12:40:59,222 INFO  [Log] My test case about to complete 
2022-12-26 12:40:59,222 INFO  [Log] ************** 
2022-12-26 12:40:59,222 INFO  [Log] ************** 
2022-12-26 12:40:59,222 INFO  [Log] ****####******This is my login test again ________ 
2022-12-26 12:40:59,222 INFO  [Log] ############## 
2022-12-26 12:40:59,222 INFO  [Log] ############## 
2022-12-26 12:42:06,571 INFO  [Log] ************** 
2022-12-26 12:42:06,573 INFO  [Log] ************** 
2022-12-26 12:42:06,573 INFO  [Log] ****####******My first test case is Login test ________ 
2022-12-26 12:42:06,573 INFO  [Log] ************** 
2022-12-26 12:42:06,573 INFO  [Log] ************** 
2022-12-26 12:42:06,573 INFO  [Log] my login test is going on 
2022-12-26 12:42:06,573 INFO  [Log] My test is might be failed 
2022-12-26 12:42:13,952 INFO  [Log] My test case about to complete 
2022-12-26 12:42:13,953 INFO  [Log] ************** 
2022-12-26 12:42:13,953 INFO  [Log] ************** 
2022-12-26 12:42:13,953 INFO  [Log] ****####******This is my login test again ________ 
2022-12-26 12:42:13,953 INFO  [Log] ############## 
2022-12-26 12:42:13,953 INFO  [Log] ############## 
2022-12-26 12:42:19,519 INFO  [Log] ************** 
2022-12-26 12:42:19,520 INFO  [Log] ************** 
2022-12-26 12:42:19,520 INFO  [Log] ****####******My first test case is Login test ________ 
2022-12-26 12:42:19,520 INFO  [Log] ************** 
2022-12-26 12:42:19,520 INFO  [Log] ************** 
2022-12-26 12:42:19,520 INFO  [Log] my login test is going on 
2022-12-26 12:42:19,520 INFO  [Log] My test is might be failed 
2022-12-26 12:42:27,704 INFO  [Log] My test case about to complete 
2022-12-26 12:42:27,704 INFO  [Log] ************** 
2022-12-26 12:42:27,704 INFO  [Log] ************** 
2022-12-26 12:42:27,704 INFO  [Log] ****####******This is my login test again ________ 
2022-12-26 12:42:27,704 INFO  [Log] ############## 
2022-12-26 12:42:27,704 INFO  [Log] ############## 
2022-12-26 15:30:47,764 INFO  [Log] ************** 
2022-12-26 15:30:47,766 INFO  [Log] ************** 
2022-12-26 15:30:47,766 INFO  [Log] ****####******My first test case is Login test ________ 
2022-12-26 15:30:47,766 INFO  [Log] ************** 
2022-12-26 15:30:47,766 INFO  [Log] ************** 
2022-12-26 15:30:47,766 INFO  [Log] my login test is going on 
2022-12-26 15:30:47,766 INFO  [Log] My test is might be failed 
2022-12-26 15:30:54,977 INFO  [Log] My test case about to complete 
2022-12-26 15:30:54,977 INFO  [Log] ************** 
2022-12-26 15:30:54,977 INFO  [Log] ************** 
2022-12-26 15:30:54,977 INFO  [Log] ****####******This is my login test again ________ 
2022-12-26 15:30:54,977 INFO  [Log] ############## 
2022-12-26 15:30:54,977 INFO  [Log] ############## 
2022-12-26 15:30:58,416 INFO  [Log] ************** 
2022-12-26 15:30:58,417 INFO  [Log] ************** 
2022-12-26 15:30:58,417 INFO  [Log] ****####******My first test case is Login test ________ 
2022-12-26 15:30:58,417 INFO  [Log] ************** 
2022-12-26 15:30:58,417 INFO  [Log] ************** 
2022-12-26 15:30:58,417 INFO  [Log] my login test is going on 
2022-12-26 15:30:58,417 INFO  [Log] My test is might be failed 
2023-01-08 13:24:12,470 INFO  [Log] ************** 
2023-01-08 13:24:12,471 INFO  [Log] ************** 
2023-01-08 13:24:12,472 INFO  [Log] ****####******My first test case is Login test ________ 
2023-01-08 13:24:12,472 INFO  [Log] ************** 
2023-01-08 13:24:12,472 INFO  [Log] ************** 
2023-01-08 13:24:12,472 INFO  [Log] my login test is going on 
2023-01-08 13:24:12,472 INFO  [Log] My test is might be failed 
2023-01-08 13:24:19,929 INFO  [Log] My test case about to complete 
2023-01-08 13:24:19,929 INFO  [Log] ************** 
2023-01-08 13:24:19,929 INFO  [Log] ************** 
2023-01-08 13:24:19,929 INFO  [Log] ****####******This is my login test again ________ 
2023-01-08 13:24:19,929 INFO  [Log] ############## 
2023-01-08 13:24:19,929 INFO  [Log] ############## 
2023-01-08 13:26:52,388 INFO  [Log] ************** 
2023-01-08 13:26:52,389 INFO  [Log] ************** 
2023-01-08 13:26:52,389 INFO  [Log] ****####******My first test case is Login test ________ 
2023-01-08 13:26:52,390 INFO  [Log] ************** 
2023-01-08 13:26:52,390 INFO  [Log] ************** 
2023-01-08 13:26:52,390 INFO  [Log] my login test is going on 
2023-01-08 13:26:52,390 INFO  [Log] My test is might be failed 
2023-01-08 13:26:59,630 INFO  [Log] My test case about to complete 
2023-01-08 13:26:59,632 INFO  [Log] ************** 
2023-01-08 13:26:59,632 INFO  [Log] ************** 
2023-01-08 13:26:59,632 INFO  [Log] ****####******This is my login test again ________ 
2023-01-08 13:26:59,632 INFO  [Log] ############## 
2023-01-08 13:26:59,632 INFO  [Log] ############## 
2023-01-08 13:30:00,992 INFO  [Log] ************** 
2023-01-08 13:30:00,993 INFO  [Log] ************** 
2023-01-08 13:30:00,993 INFO  [Log] ****####******My first test case is Login test ________ 
2023-01-08 13:30:00,993 INFO  [Log] ************** 
2023-01-08 13:30:00,994 INFO  [Log] ************** 
2023-01-08 13:30:00,994 INFO  [Log] my login test is going on 
2023-01-08 13:30:00,994 INFO  [Log] My test is might be failed 
2023-01-08 13:30:07,867 INFO  [Log] My test case about to complete 
2023-01-08 13:30:07,868 INFO  [Log] ************** 
2023-01-08 13:30:07,868 INFO  [Log] ************** 
2023-01-08 13:30:07,868 INFO  [Log] ****####******This is my login test again ________ 
2023-01-08 13:30:07,868 INFO  [Log] ############## 
2023-01-08 13:30:07,868 INFO  [Log] ############## 
2023-01-08 13:36:01,511 INFO  [Log] ************** 
2023-01-08 13:36:01,513 INFO  [Log] ************** 
2023-01-08 13:36:01,513 INFO  [Log] ****####******My first test case is Login test ________ 
2023-01-08 13:36:01,513 INFO  [Log] ************** 
2023-01-08 13:36:01,513 INFO  [Log] ************** 
2023-01-08 13:36:01,513 INFO  [Log] my login test is going on 
2023-01-08 13:36:01,513 INFO  [Log] My test is might be failed 
2023-01-08 13:36:08,624 INFO  [Log] My test case about to complete 
2023-01-08 13:36:08,625 INFO  [Log] ************** 
2023-01-08 13:36:08,626 INFO  [Log] ************** 
2023-01-08 13:36:08,626 INFO  [Log] ****####******This is my login test again ________ 
2023-01-08 13:36:08,626 INFO  [Log] ############## 
2023-01-08 13:36:08,626 INFO  [Log] ############## 
2023-01-08 13:37:16,540 INFO  [Log] ************** 
2023-01-08 13:37:16,542 INFO  [Log] ************** 
2023-01-08 13:37:16,542 INFO  [Log] ****####******My first test case is Login test ________ 
2023-01-08 13:37:16,542 INFO  [Log] ************** 
2023-01-08 13:37:16,542 INFO  [Log] ************** 
2023-01-08 13:37:16,543 INFO  [Log] my login test is going on 
2023-01-08 13:37:16,543 INFO  [Log] My test is might be failed 
2023-01-08 13:37:23,498 INFO  [Log] My test case about to complete 
2023-01-08 13:37:23,499 INFO  [Log] ************** 
2023-01-08 13:37:23,499 INFO  [Log] ************** 
2023-01-08 13:37:23,499 INFO  [Log] ****####******This is my login test again ________ 
2023-01-08 13:37:23,499 INFO  [Log] ############## 
2023-01-08 13:37:23,499 INFO  [Log] ############## 
2023-01-08 14:08:25,380 INFO  [Log] ************** 
2023-01-08 14:08:25,381 INFO  [Log] ************** 
2023-01-08 14:08:25,382 INFO  [Log] ****####******My first test case is Login test ________ 
2023-01-08 14:08:25,382 INFO  [Log] ************** 
2023-01-08 14:08:25,382 INFO  [Log] ************** 
2023-01-08 14:08:25,382 INFO  [Log] my login test is going on 
2023-01-08 14:08:25,382 INFO  [Log] My test is might be failed 
2023-01-08 14:08:32,728 INFO  [Log] My test case about to complete 
2023-01-08 14:08:32,729 INFO  [Log] ************** 
2023-01-08 14:08:32,729 INFO  [Log] ************** 
2023-01-08 14:08:32,729 INFO  [Log] ****####******This is my login test again ________ 
2023-01-08 14:08:32,729 INFO  [Log] ############## 
2023-01-08 14:08:32,729 INFO  [Log] ############## 
2023-01-08 14:46:41,384 INFO  [Log] ************** 
2023-01-08 14:46:41,385 INFO  [Log] ************** 
2023-01-08 14:46:41,385 INFO  [Log] ****####******My first test case is Login test ________ 
2023-01-08 14:46:41,385 INFO  [Log] ************** 
2023-01-08 14:46:41,385 INFO  [Log] ************** 
2023-01-08 14:46:41,385 INFO  [Log] my login test is going on 
2023-01-08 14:46:41,385 INFO  [Log] My test is might be failed 
2023-01-08 14:46:48,483 INFO  [Log] My test case about to complete 
2023-01-08 14:46:48,484 INFO  [Log] ************** 
2023-01-08 14:46:48,484 INFO  [Log] ************** 
2023-01-08 14:46:48,484 INFO  [Log] ****####******This is my login test again ________ 
2023-01-08 14:46:48,484 INFO  [Log] ############## 
2023-01-08 14:46:48,484 INFO  [Log] ############## 
2023-01-08 15:08:05,563 INFO  [Log] ************** 
2023-01-08 15:08:05,565 INFO  [Log] ************** 
2023-01-08 15:08:05,565 INFO  [Log] ****####******My first test case is Login test ________ 
2023-01-08 15:08:05,565 INFO  [Log] ************** 
2023-01-08 15:08:05,565 INFO  [Log] ************** 
2023-01-08 15:08:05,565 INFO  [Log] my login test is going on 
2023-01-08 15:08:05,565 INFO  [Log] My test is might be failed 
2023-01-08 15:08:13,380 INFO  [Log] My test case about to complete 
2023-01-08 15:08:13,382 INFO  [Log] ************** 
2023-01-08 15:08:13,382 INFO  [Log] ************** 
2023-01-08 15:08:13,382 INFO  [Log] ****####******This is my login test again ________ 
2023-01-08 15:08:13,382 INFO  [Log] ############## 
2023-01-08 15:08:13,382 INFO  [Log] ############## 
2023-01-09 18:47:12,349 INFO  [Log] ************** 
2023-01-09 18:47:12,350 INFO  [Log] ************** 
2023-01-09 18:47:12,351 INFO  [Log] ****####******My first test case is Login test ________ 
2023-01-09 18:47:12,351 INFO  [Log] ************** 
2023-01-09 18:47:12,351 INFO  [Log] ************** 
2023-01-09 18:47:12,351 INFO  [Log] my login test is going on 
2023-01-09 18:47:12,351 INFO  [Log] My test is might be failed 
2023-01-09 18:47:19,725 INFO  [Log] My test case about to complete 
2023-01-09 18:47:19,725 INFO  [Log] ************** 
2023-01-09 18:47:19,726 INFO  [Log] ************** 
2023-01-09 18:47:19,726 INFO  [Log] ****####******This is my login test again ________ 
2023-01-09 18:47:19,726 INFO  [Log] ############## 
2023-01-09 18:47:19,726 INFO  [Log] ############## 
2023-01-09 21:17:55,159 INFO  [Log] ************** 
2023-01-09 21:17:55,161 INFO  [Log] ************** 
2023-01-09 21:17:55,161 INFO  [Log] ****####******My first test case is Login test ________ 
2023-01-09 21:17:55,161 INFO  [Log] ************** 
2023-01-09 21:17:55,161 INFO  [Log] ************** 
2023-01-09 21:17:55,161 INFO  [Log] my login test is going on 
2023-01-09 21:17:55,161 INFO  [Log] My test is might be failed 
2023-01-09 21:18:02,682 INFO  [Log] My test case about to complete 
2023-01-09 21:18:02,682 INFO  [Log] ************** 
2023-01-09 21:18:02,682 INFO  [Log] ************** 
2023-01-09 21:18:02,682 INFO  [Log] ****####******This is my login test again ________ 
2023-01-09 21:18:02,682 INFO  [Log] ############## 
2023-01-09 21:18:02,682 INFO  [Log] ############## 
